#-----------------------------------------------------------
# Vivado v2018.3 (64-bit)
# SW Build 2405991 on Thu Dec  6 23:38:27 MST 2018
# IP Build 2404404 on Fri Dec  7 01:43:56 MST 2018
# Start of session at: Fri Oct 25 09:19:53 2024
# Process ID: 30152
# Current directory: E:/project/single/Digital_System_Design/II/project_4
# Command line: vivado.exe -gui_launcher_event rodinguilauncherevent31020 E:\project\single\Digital_System_Design\II\project_4\project_4.xpr
# Log file: E:/project/single/Digital_System_Design/II/project_4/vivado.log
# Journal file: E:/project/single/Digital_System_Design/II/project_4\vivado.jou
#-----------------------------------------------------------
start_gui
open_project E:/project/single/Digital_System_Design/II/project_4/project_4.xpr
Scanning sources...
Finished scanning sources
INFO: [IP_Flow 19-234] Refreshing IP repositories
INFO: [IP_Flow 19-1704] No user IP repositories specified
INFO: [IP_Flow 19-2313] Loaded Vivado IP repository 'E:/Xilinx/Vivado/2018.3/data/ip'.
open_project: Time (s): cpu = 00:00:02 ; elapsed = 00:00:06 . Memory (MB): peak = 811.809 ; gain = 188.598
update_compile_order -fileset sources_1
INFO: [Device 21-403] Loading part xc7a35tcpg236-1
WARNING: [IP_Flow 19-4067] Ignoring invalid widget type specified checkbox.Providing a default widget
WARNING: [IP_Flow 19-4067] Ignoring invalid widget type specified checkbox.Providing a default widget
INFO: [IP_Flow 19-3484] Absolute path of file 'e:/project/single/Digital_System_Design/II/project_4/test3.coe' provided. It will be converted relative to IP Instance files '../../../../test3.coe'
set_property -dict [list CONFIG.Coe_File {E:/project/single/Digital_System_Design/II/project_4/test3.coe}] [get_ips BRAM]
INFO: [IP_Flow 19-3484] Absolute path of file 'e:/project/single/Digital_System_Design/II/project_4/test3.coe' provided. It will be converted relative to IP Instance files '../../../../test3.coe'
generate_target all [get_files  E:/project/single/Digital_System_Design/II/project_4/project_4.srcs/sources_1/ip/BRAM_1/BRAM.xci]
INFO: [IP_Flow 19-1686] Generating 'Instantiation Template' target for IP 'BRAM'...
INFO: [IP_Flow 19-1686] Generating 'Synthesis' target for IP 'BRAM'...
INFO: [IP_Flow 19-1686] Generating 'Simulation' target for IP 'BRAM'...
INFO: [IP_Flow 19-1686] Generating 'Miscellaneous' target for IP 'BRAM'...
INFO: [IP_Flow 19-1686] Generating 'Change Log' target for IP 'BRAM'...
catch { config_ip_cache -export [get_ips -all BRAM] }
export_ip_user_files -of_objects [get_files E:/project/single/Digital_System_Design/II/project_4/project_4.srcs/sources_1/ip/BRAM_1/BRAM.xci] -no_script -sync -force -quiet
reset_run BRAM_synth_1
launch_runs -jobs 16 BRAM_synth_1
[Fri Oct 25 09:21:07 2024] Launched BRAM_synth_1...
Run output will be captured here: E:/project/single/Digital_System_Design/II/project_4/project_4.runs/BRAM_synth_1/runme.log
export_simulation -of_objects [get_files E:/project/single/Digital_System_Design/II/project_4/project_4.srcs/sources_1/ip/BRAM_1/BRAM.xci] -directory E:/project/single/Digital_System_Design/II/project_4/project_4.ip_user_files/sim_scripts -ip_user_files_dir E:/project/single/Digital_System_Design/II/project_4/project_4.ip_user_files -ipstatic_source_dir E:/project/single/Digital_System_Design/II/project_4/project_4.ip_user_files/ipstatic -lib_map_path [list {modelsim=E:/project/single/Digital_System_Design/II/project_4/project_4.cache/compile_simlib/modelsim} {questa=E:/project/single/Digital_System_Design/II/project_4/project_4.cache/compile_simlib/questa} {riviera=E:/project/single/Digital_System_Design/II/project_4/project_4.cache/compile_simlib/riviera} {activehdl=E:/project/single/Digital_System_Design/II/project_4/project_4.cache/compile_simlib/activehdl}] -use_ip_compiled_libs -force -quiet
reset_run synth_1
WARNING: [Vivado 12-1017] Problems encountered:
1. Failed to delete one or more files in run directory E:/project/single/Digital_System_Design/II/project_4/project_4.runs/synth_1

launch_runs impl_1 -to_step write_bitstream -jobs 16
[Fri Oct 25 09:21:18 2024] Launched BRAM_synth_1, synth_1...
Run output will be captured here:
BRAM_synth_1: E:/project/single/Digital_System_Design/II/project_4/project_4.runs/BRAM_synth_1/runme.log
synth_1: E:/project/single/Digital_System_Design/II/project_4/project_4.runs/synth_1/runme.log
[Fri Oct 25 09:21:18 2024] Launched impl_1...
Run output will be captured here: E:/project/single/Digital_System_Design/II/project_4/project_4.runs/impl_1/runme.log
exit
INFO: [Common 17-206] Exiting Vivado at Fri Oct 25 09:24:06 2024...
