#-----------------------------------------------------------
# Vivado v2018.3 (64-bit)
# SW Build 2405991 on Thu Dec  6 23:38:27 MST 2018
# IP Build 2404404 on Fri Dec  7 01:43:56 MST 2018
# Start of session at: Fri Sep 13 10:30:40 2024
# Process ID: 20944
# Current directory: D:/project/final
# Command line: vivado.exe -gui_launcher_event rodinguilauncherevent21660 D:\project\final\final.xpr
# Log file: D:/project/final/vivado.log
# Journal file: D:/project/final\vivado.jou
#-----------------------------------------------------------
start_guopopen_project D:/project/final/final.xpScanning sources...
Finished scanning sources
INFO: [IP_Flow 19-234] Refreshing IP repositories
INFO: [IP_Flow 19-1704] No user IP repositories specified
ININFO: [IP_Flow 19-2313] Loaded Vivado IP repository 'C:/Xilinx/Vivado/2018.3/data/ip'opopen_project: Time (s): cpu = 00:00:46 ; elapsed = 00:00:51 . Memory (MB): peak = 749.867 ; gain = 175.04upupdate_compile_order -fileset sources_ipx::package_project -root_dir d:/project/final/final.srcs -vendor xilinx.com -library user -taxonomy /UserIP
INFO: [IP_Flow 19-5107] Inferred bus interface 'reset' of definition 'xilinx.com:signal:reset:1.0' (from Xilinx Repository).
INFO: [IP_Flow 19-5107] Inferred bus interface 'clock' of definition 'xilinx.com:signal:clock:1.0' (from Xilinx Repository).
INFO: [IP_Flow 19-5107] Inferred bus interface 'ps2_clk' of definition 'xilinx.com:signal:clock:1.0' (from Xilinx Repository).
WARNING: [IP_Flow 19-3153] Bus Interface 'clock': ASSOCIATED_BUSIF bus parameter is missing.
WARNING: [IP_Flow 19-3153] Bus Interface 'ps2_clk': ASSOCIATED_BUSIF bus parameter is missing.
INFO: [IP_Flow 19-2181] Payment Required is not set for this core.
INFO: [IP_Flow 19-2187] The Product Guide file is missing.
ipx::add_bus_parameter ASSOCIATED_BUSIF [ipx::get_bus_interfaces clock -of_objects [ipx::current_core]]
set_property core_revision 2 [ipx::current_core]
ipx::create_xgui_files [ipx::current_core]
ipx::update_checksums [ipx::current_core]
ipx::save_core [ipx::current_core]
set_property  ip_repo_paths  d:/project/final/final.srcs [current_project]
update_ip_catalog
INFO: [IP_Flow 19-234] Refreshing IP repositories
INFO: [IP_Flow 19-1700] Loaded user IP repository 'd:/project/final/final.srcs'.
exit
INFO: [Common 17-206] Exiting Vivado at Fri Sep 13 10:45:47 2024...
