#-----------------------------------------------------------
# Vivado v2018.3 (64-bit)
# SW Build 2405991 on Thu Dec  6 23:38:27 MST 2018
# IP Build 2404404 on Fri Dec  7 01:43:56 MST 2018
# Start of session at: Sun Jun  9 04:38:23 2024
# Process ID: 17048
# Current directory: D:/project/final
# Command line: vivado.exe -gui_launcher_event rodinguilauncherevent13912 D:\project\final\final.xpr
# Log file: D:/project/final/vivado.log
# Journal file: D:/project/final\vivado.jou
#-----------------------------------------------------------
start_gui
open_project D:/project/final/final.xpr
Scanning sources...
Finished scanning sources
INFO: [IP_Flow 19-234] Refreshing IP repositories
INFO: [IP_Flow 19-1704] No user IP repositories specified
INFO: [IP_Flow 19-2313] Loaded Vivado IP repository 'C:/Xilinx/Vivado/2018.3/data/ip'.
open_project: Time (s): cpu = 00:00:21 ; elapsed = 00:00:12 . Memory (MB): peak = 764.191 ; gain = 172.125
update_compile_order -fileset sources_1
open_hw
connect_hw_server
INFO: [Labtools 27-2285] Connecting to hw_server url TCP:localhost:3121
INFO: [Common 17-41] Interrupt caught. Command should exit soon.
INFO: [Labtools 27-2058] connect_hw_server command cancelled.
connect_hw_server: Time (s): cpu = 00:00:01 ; elapsed = 00:00:25 . Memory (MB): peak = 798.637 ; gain = 0.000
INFO: [Common 17-344] 'connect_hw_server' was cancelled
connect_hw_server
INFO: [Labtools 27-2285] Connecting to hw_server url TCP:localhost:3121
