Copyright 1986-2018 Xilinx, Inc. All Rights Reserved.
------------------------------------------------------------------------------------
| Tool Version : Vivado v.2018.3 (win64) Build 2405991 Thu Dec  6 23:38:27 MST 2018
| Date         : Mon Jun 17 13:38:19 2024
| Host         : wen_jiu_laptop running 64-bit major release  (build 9200)
| Command      : report_control_sets -verbose -file final_control_sets_placed.rpt
| Design       : final
| Device       : xc7a35t
------------------------------------------------------------------------------------

Control Set Information

Table of Contents
-----------------
1. Summary
2. Histogram
3. Flip-Flop Distribution
4. Detailed Control Set Information

1. Summary
----------

+----------------------------------------------------------+-------+
|                          Status                          | Count |
+----------------------------------------------------------+-------+
| Number of unique control sets                            |     8 |
| Unused register locations in slices containing registers |    24 |
+----------------------------------------------------------+-------+


2. Histogram
------------

+--------+--------------+
| Fanout | Control Sets |
+--------+--------------+
|      1 |            1 |
|      4 |            1 |
|      7 |            2 |
|     13 |            1 |
|     14 |            1 |
|    16+ |            2 |
+--------+--------------+


3. Flip-Flop Distribution
-------------------------

+--------------+-----------------------+------------------------+-----------------+--------------+
| Clock Enable | Synchronous Set/Reset | Asynchronous Set/Reset | Total Registers | Total Slices |
+--------------+-----------------------+------------------------+-----------------+--------------+
| No           | No                    | No                     |               0 |            0 |
| No           | No                    | Yes                    |              14 |            6 |
| No           | Yes                   | No                     |              82 |           19 |
| Yes          | No                    | No                     |               0 |            0 |
| Yes          | No                    | Yes                    |              27 |            9 |
| Yes          | Yes                   | No                     |              37 |           10 |
+--------------+-----------------------+------------------------+-----------------+--------------+


4. Detailed Control Set Information
-----------------------------------

+------------------+-----------------------------------------------+-----------------------------------------+------------------+----------------+
|   Clock Signal   |                 Enable Signal                 |             Set/Reset Signal            | Slice Load Count | Bel Load Count |
+------------------+-----------------------------------------------+-----------------------------------------+------------------+----------------+
|  clock_IBUF_BUFG | key_1/key_in_debouncer/Output_filiter_i_1_n_0 | reset_IBUF                              |                1 |              1 |
|  clock_IBUF_BUFG | bit_reg                                       | reset_IBUF                              |                1 |              4 |
|  clock_IBUF_BUFG | my_mouse/U1/i[6]_i_1_n_0                      | reset_IBUF                              |                3 |              7 |
|  clock_IBUF_BUFG | my_mouse/U2/i[6]_i_1__0_n_0                   | reset_IBUF                              |                2 |              7 |
|  clock_IBUF_BUFG | my_mouse/U1/C1[12]_i_1_n_0                    | reset_IBUF                              |                4 |             13 |
|  clock_IBUF_BUFG |                                               | key_1/key_in_debouncer/count[0]_i_1_n_0 |                4 |             14 |
|  clock_IBUF_BUFG | timer/total_10m_seconds                       | timer/total_10m_seconds[0]_i_1_n_0      |                8 |             32 |
|  clock_IBUF_BUFG |                                               | reset_IBUF                              |               21 |             82 |
+------------------+-----------------------------------------------+-----------------------------------------+------------------+----------------+


