#-----------------------------------------------------------
# Vivado v2018.3 (64-bit)
# SW Build 2405991 on Thu Dec  6 23:38:27 MST 2018
# IP Build 2404404 on Fri Dec  7 01:43:56 MST 2018
# Start of session at: Fri Jun  7 11:55:11 2024
# Process ID: 19024
# Current directory: D:/project/lab5
# Command line: vivado.exe -gui_launcher_event rodinguilauncherevent11536 D:\project\lab5\lab5.xpr
# Log file: D:/project/lab5/vivado.log
# Journal file: D:/project/lab5\vivado.jou
#-----------------------------------------------------------
start_gui
open_project D:/project/lab5/lab5.xpr
Scanning sources...
Finished scanning sources
INFO: [IP_Flow 19-234] Refreshing IP repositories
INFO: [IP_Flow 19-1704] No user IP repositories specified
INFO: [IP_Flow 19-2313] Loaded Vivado IP repository 'C:/Xilinx/Vivado/2018.3/data/ip'.
open_project: Time (s): cpu = 00:00:35 ; elapsed = 00:00:20 . Memory (MB): peak = 789.980 ; gain = 209.984
update_compile_order -fileset sources_1
exit
INFO: [Common 17-206] Exiting Vivado at Fri Jun  7 11:56:24 2024...
