#-----------------------------------------------------------
# Vivado v2018.3 (64-bit)
# SW Build 2405991 on Thu Dec  6 23:38:27 MST 2018
# IP Build 2404404 on Fri Dec  7 01:43:56 MST 2018
# Start of session at: Wed Sep 18 11:00:54 2024
# Process ID: 38172
# Current directory: E:/project/single/Digital_System_Design/II/project_1
# Command line: vivado.exe -gui_launcher_event rodinguilauncherevent13456 E:\project\single\Digital_System_Design\II\project_1\project_1.xpr
# Log file: E:/project/single/Digital_System_Design/II/project_1/vivado.log
# Journal file: E:/project/single/Digital_System_Design/II/project_1\vivado.jou
#-----------------------------------------------------------
start_gui
open_project E:/project/single/Digital_System_Design/II/project_1/project_1.xpr
Scanning sources...
Finished scanning sources
INFO: [IP_Flow 19-234] Refreshing IP repositories
INFO: [IP_Flow 19-1700] Loaded user IP repository 'e:/project/single/Digital_System_Design/I/final/final.srcs'.
INFO: [IP_Flow 19-2313] Loaded Vivado IP repository 'E:/Xilinx/Vivado/2018.3/data/ip'.
update_compile_order -fileset sources_1
exit
INFO: [Common 17-206] Exiting Vivado at Wed Sep 18 11:08:28 2024...
